2022-09-27T18:12:10.874Z [store-api] error POST  - Todos os campos são obrigatorios
2022-09-28T01:10:01.317Z [store-api] error POST  - Todos os campos são obrigatorios
2022-09-28T01:13:11.274Z [store-api] error POST  - Todos os campos são obrigatorios
2022-09-28T01:19:06.048Z [store-api] error POST  - Todos os campos são obrigatorios
2022-09-28T01:21:00.899Z [store-api] error POST  - Todos os campos são obrigatorios
2022-09-28T01:21:24.708Z [store-api] error POST  - Todos os campos são obrigatorios
2022-09-28T01:21:59.310Z [store-api] error POST  - Todos os campos são obrigatorios
2022-09-28T01:22:17.225Z [store-api] error POST  - Todos os campos são obrigatorios
2022-09-28T01:22:29.383Z [store-api] error POST  - Todos os campos são obrigatorios
2022-09-28T01:24:56.534Z [store-api] error POST  - Todos os campos são obrigatorios
2022-09-28T01:25:44.851Z [store-api] error POST  - Todos os campos são obrigatorios
2022-09-28T01:27:40.514Z [store-api] error POST  - Todos os campos são obrigatorios
2022-09-28T01:30:18.138Z [store-api] error POST  - Todos os campos são obrigatorios
2022-09-28T01:30:40.611Z [store-api] error POST  - Todos os campos são obrigatorios
2022-09-28T01:30:58.640Z [store-api] error POST  - Todos os campos são obrigatorios
2022-09-28T01:31:42.088Z [store-api] error POST  - Todos os campos são obrigatorios
2022-09-28T01:32:28.836Z [store-api] error POST  - Todos os campos são obrigatorios
2022-09-28T01:32:38.570Z [store-api] error POST  - Todos os campos são obrigatorios: nome, cpf, phone, email, address
2022-09-28T01:54:55.576Z [store-api] error POST  - Todos os campos são obrigatorios: nome, cpf, phone, email, address
2022-09-28T01:55:57.841Z [store-api] error POST  - Todos os campos são obrigatorios: nome, cpf, phone, email, address
2022-09-28T01:56:41.027Z [store-api] error POST  - Todos os campos são obrigatorios: nome, cpf, phone, email, address
2022-09-28T01:57:12.093Z [store-api] error POST  - Todos os campos são obrigatorios: nome, cpf, phone, email, address
2022-09-28T02:00:26.014Z [store-api] error POST  - Todos os campos são obrigatorios: nome, cpf, phone, email, address
2022-09-28T02:00:54.891Z [store-api] error POST  - Todos os campos são obrigatorios: nome, cpf, phone, email, address
2022-09-28T02:03:08.616Z [store-api] error POST  - Todos os campos são obrigatorios: nome, cpf, phone, email, address
2022-09-28T02:03:41.563Z [store-api] error POST  - Todos os campos são obrigatorios: nome, cpf, phone, email, address
2022-09-28T02:13:27.888Z [store-api] info POST /client - {"name":"matheus","cpf":"02297187289","phone":"96984234927","email":"teste@teste.com","address":"Rua teste, n 1000"}
2022-09-28T02:26:30.102Z [store-api] error POST  - Todos os campos são obrigatorios: nome, cpf, phone, email, address
2022-09-28T02:28:57.746Z [store-api] info POST /client - {"name":"felipe","cpf":"04402906271","phone":"96981440540","email":"felipe@teste.com","address":"Rua das nacoes, n 9999"}
2022-09-28T02:30:43.750Z [store-api] info POST /client - {"name":"antonia pedroso mendes","cpf":"44055688556","phone":"96984548214","email":"antonia@teste.com","address":"Rua das paranapanema, n 888"}
2022-09-28T02:31:41.040Z [store-api] info POST /client - {"name":"antonia pedroso mendes","cpf":"44055688556","phone":"96984548214","email":"antonia@teste.com","address":"Rua das paranapanema, n 888"}
2022-09-28T02:32:47.397Z [store-api] info POST /client - {"name":"ivair pedroso mendes","cpf":"44055688556","phone":"96984548214","email":"antonia@teste.com","address":"Rua das aaaaaaaaaaaa, n 888"}
2022-09-28T02:35:07.937Z [store-api] info POST /client - {"name":"ivair magalhaes da costa","cpf":"07220625115","phone":"96981449117","email":"ivairmagalhaes@teste.com","address":"Rua das padres, n 555"}
2022-09-28T02:35:55.633Z [store-api] info POST /client - {"name":"miller mendes da costa","cpf":"01267683236","phone":"969814405632","email":"muller@teste.com","address":"Rua das curitibas, n 555"}
2022-09-28T02:37:20.262Z [store-api] info POST /client - {"name":"jack stubate","cpf":"55566677722","phone":"9688996655","email":"jackstubate@teste.com","address":"Rua das curitibas, n 555"}
